<?xml version="1.0" encoding="UTF-8"?>
<!-- Generated by org.testng.reporters.JUnitReportReporter -->
<testsuite hostname="mikiass-MBP" name="com.sqa.MA.BasicAutoTest" tests="3" failures="0" timestamp="30 Apr 2016 18:53:44 GMT" time="1.607" errors="0">
  <testcase name="test" time="0.004" classname="com.sqa.MA.BasicAutoTest"/>
  <testcase name="test" time="0.005" classname="com.sqa.MA.BasicAutoTest"/>
  <testcase name="testLogin" time="1.598" classname="com.sqa.MA.BasicAutoTest"/>
</testsuite> <!-- com.sqa.MA.BasicAutoTest -->
