<?xml version="1.0" encoding="UTF-8"?>
<!-- Generated by org.testng.reporters.JUnitReportReporter -->
<testsuite hostname="mikiass-MacBook-Pro.local" name="com.sqa.MA.adactin.TC102" tests="3" failures="0" timestamp="5 May 2016 05:40:11 GMT" time="8.432" errors="0">
  <testcase name="testCheckInOut" time="2.116" classname="com.sqa.MA.adactin.TC102"/>
  <testcase name="testCheckInOut" time="2.927" classname="com.sqa.MA.adactin.TC102"/>
  <testcase name="testCheckInOut" time="3.389" classname="com.sqa.MA.adactin.TC102"/>
</testsuite> <!-- com.sqa.MA.adactin.TC102 -->
