<?xml version="1.0" encoding="UTF-8"?>
<!-- Generated by org.testng.reporters.JUnitReportReporter -->
<testsuite hostname="mikiass-MBP" name="com.sqa.MA.Gmailtest.LocatorTests" tests="2" failures="0" timestamp="22 Apr 2016 04:55:36 GMT" time="35.406" errors="0">
  <testcase name="test1" time="9.073" classname="com.sqa.MA.Gmailtest.LocatorTests"/>
  <testcase name="test2" time="26.333" classname="com.sqa.MA.Gmailtest.LocatorTests"/>
</testsuite> <!-- com.sqa.MA.Gmailtest.LocatorTests -->
