<?xml version="1.0" encoding="UTF-8"?>
<!-- Generated by org.testng.reporters.JUnitReportReporter -->
<testsuite hostname="mikiass-MBP" name="com.sqa.MA.Gmailtest.Gmailtest2" tests="1" failures="0" timestamp="21 Apr 2016 03:34:31 GMT" time="6.511" errors="0">
  <testcase name="testGmailtest2" time="6.511" classname="com.sqa.MA.Gmailtest.Gmailtest2"/>
</testsuite> <!-- com.sqa.MA.Gmailtest.Gmailtest2 -->
