<?xml version="1.0" encoding="UTF-8"?>
<!-- Generated by org.testng.reporters.JUnitReportReporter -->
<testsuite hostname="mikiass-MBP" name="com.sqa.MA.UserLoginTest" tests="2" failures="0" timestamp="7 May 2016 16:47:45 GMT" time="13.500" errors="0">
  <testcase name="HotelSearchTest" time="12.788" classname="com.sqa.MA.UserLoginTest"/>
  <testcase name="SelectHotelOption" time="0.712" classname="com.sqa.MA.UserLoginTest"/>
</testsuite> <!-- com.sqa.MA.UserLoginTest -->
