<?xml version="1.0" encoding="UTF-8"?>
<!-- Generated by org.testng.reporters.JUnitReportReporter -->
<testsuite hostname="mikiass-MBP" name="com.sqa.ma.adactin.TC103" tests="1" failures="0" timestamp="7 May 2016 20:14:50 GMT" time="0.021" errors="0">
  <testcase name="mavenPropsPractice" time="0.021" classname="com.sqa.ma.adactin.TC103"/>
</testsuite> <!-- com.sqa.ma.adactin.TC103 -->
