<?xml version="1.0" encoding="UTF-8"?>
<!-- Generated by org.testng.reporters.JUnitReportReporter -->
<testsuite hostname="mikiass-MacBook-Pro.local" name="com.sqa.MA.util.helpers.BasicAutomationTest" tests="3" failures="0" timestamp="29 Apr 2016 02:14:22 GMT" time="0.014" errors="0">
  <testcase name="testLogin" time="0.005" classname="com.sqa.MA.util.helpers.BasicAutomationTest"/>
  <testcase name="test" time="0.005" classname="com.sqa.MA.util.helpers.BasicAutomationTest"/>
  <testcase name="test" time="0.004" classname="com.sqa.MA.util.helpers.BasicAutomationTest"/>
</testsuite> <!-- com.sqa.MA.util.helpers.BasicAutomationTest -->
