<?xml version="1.0" encoding="UTF-8"?>
<!-- Generated by org.testng.reporters.JUnitReportReporter -->
<testsuite hostname="mikiass-MBP" name="com.sqa.MA.Gmailtest.BasicAutoTest" tests="3" failures="0" timestamp="1 May 2016 00:39:12 GMT" time="0.916" errors="0">
  <testcase name="test" time="0.320" classname="com.sqa.MA.Gmailtest.BasicAutoTest"/>
  <testcase name="test" time="0.289" classname="com.sqa.MA.Gmailtest.BasicAutoTest"/>
  <testcase name="test" time="0.307" classname="com.sqa.MA.Gmailtest.BasicAutoTest"/>
</testsuite> <!-- com.sqa.MA.Gmailtest.BasicAutoTest -->
