<?xml version="1.0" encoding="UTF-8"?>
<!-- Generated by org.testng.reporters.JUnitReportReporter -->
<testsuite hostname="mikiass-MBP" name="com.sqa.MA.adactin.TC103" tests="1" failures="0" timestamp="7 May 2016 17:05:43 GMT" time="0.013" errors="0">
  <testcase name="mavenPropsPractice" time="0.013" classname="com.sqa.MA.adactin.TC103"/>
</testsuite> <!-- com.sqa.MA.adactin.TC103 -->
