<?xml version="1.0" encoding="UTF-8"?>
<!-- Generated by org.testng.reporters.JUnitReportReporter -->
<testsuite hostname="mikiass-MBP" name="com.sqa.MA.UserLoginTest" tests="1" failures="0" timestamp="30 Apr 2016 22:18:59 GMT" time="3.542" errors="0">
  <testcase name="HotelSearchTest" time="3.542" classname="com.sqa.MA.UserLoginTest"/>
</testsuite> <!-- com.sqa.MA.UserLoginTest -->
