<?xml version="1.0" encoding="UTF-8"?>
<!-- Generated by org.testng.reporters.JUnitReportReporter -->
<testsuite hostname="mikiass-MBP" name="com.sqa.MA.MississaugaTest" tests="1" failures="0" timestamp="21 May 2016 05:06:01 GMT" time="18.427" errors="0">
  <testcase name="f" time="18.427" classname="com.sqa.MA.MississaugaTest"/>
</testsuite> <!-- com.sqa.MA.MississaugaTest -->
