<?xml version="1.0" encoding="UTF-8"?>
<!-- Generated by org.testng.reporters.JUnitReportReporter -->
<testsuite hostname="mikiass-MacBook-Pro.local" name="com.sqa.MA.UserLoginTest" tests="2" failures="0" timestamp="5 May 2016 02:21:38 GMT" time="13.989" errors="0">
  <testcase name="SelectHotelOption" time="0.757" classname="com.sqa.MA.UserLoginTest"/>
  <testcase name="HotelSearchTest" time="13.232" classname="com.sqa.MA.UserLoginTest"/>
</testsuite> <!-- com.sqa.MA.UserLoginTest -->
